<?xml version="1.0" encoding="UTF-8"?>
<!-- Generated by org.testng.reporters.JUnitReportReporter -->
<testsuite ignored="0" hostname="LAPTOP-97997S4T" failures="0" tests="5" name="com.ilab.opensource_assessment.Login" time="8.197" errors="0" timestamp="31 Jan 2022 21:15:15 GMT" skipped="0">
  <testcase classname="com.ilab.opensource_assessment.Login" name="validation3" time="0.026"/>
  <testcase classname="com.ilab.opensource_assessment.Login" name="validation1" time="0.008"/>
  <testcase classname="com.ilab.opensource_assessment.Login" name="validation2" time="0.032"/>
  <testcase classname="com.ilab.opensource_assessment.Login" name="login" time="5.776"/>
  <testcase classname="com.ilab.opensource_assessment.Login" name="login" time="2.355"/>
</testsuite> <!-- com.ilab.opensource_assessment.Login -->
