<?xml version="1.0" encoding="UTF-8"?>
<!-- Generated by org.testng.reporters.JUnitReportReporter -->
<testsuite ignored="0" hostname="LAPTOP-97997S4T" failures="0" tests="4" name="com.ilab.opensource_assessment.SearchUser" time="2.810" errors="0" timestamp="31 Jan 2022 21:15:15 GMT" skipped="0">
  <testcase classname="com.ilab.opensource_assessment.SearchUser" name="Validation3" time="0.016"/>
  <testcase classname="com.ilab.opensource_assessment.SearchUser" name="Search" time="2.752"/>
  <testcase classname="com.ilab.opensource_assessment.SearchUser" name="Validation2" time="0.016"/>
  <testcase classname="com.ilab.opensource_assessment.SearchUser" name="Validation1" time="0.026"/>
</testsuite> <!-- com.ilab.opensource_assessment.SearchUser -->
