<?xml version="1.0" encoding="UTF-8"?>
<!-- Generated by org.testng.reporters.JUnitReportReporter -->
<testsuite ignored="0" hostname="LAPTOP-97997S4T" failures="0" tests="3" name="com.ilab.opensource_assessment.UserLogout" time="1.746" errors="0" timestamp="31 Jan 2022 21:15:15 GMT" skipped="0">
  <testcase classname="com.ilab.opensource_assessment.UserLogout" name="Validation1" time="0.021"/>
  <testcase classname="com.ilab.opensource_assessment.UserLogout" name="Logout" time="1.720"/>
  <testcase classname="com.ilab.opensource_assessment.UserLogout" name="Validation2" time="0.005"/>
</testsuite> <!-- com.ilab.opensource_assessment.UserLogout -->
