<?xml version="1.0" encoding="UTF-8"?>
<!-- Generated by org.testng.reporters.JUnitReportReporter -->
<testsuite ignored="0" hostname="LAPTOP-97997S4T" failures="0" tests="4" name="com.ilab.opensource_assessment.AddUser" time="4.645" errors="0" timestamp="31 Jan 2022 21:15:15 GMT" skipped="0">
  <testcase classname="com.ilab.opensource_assessment.AddUser" name="add" time="1.099"/>
  <testcase classname="com.ilab.opensource_assessment.AddUser" name="inputdata" time="3.516"/>
  <testcase classname="com.ilab.opensource_assessment.AddUser" name="validation1" time="0.006"/>
  <testcase classname="com.ilab.opensource_assessment.AddUser" name="validation2" time="0.024"/>
</testsuite> <!-- com.ilab.opensource_assessment.AddUser -->
