<?xml version="1.0" encoding="UTF-8"?>
<!-- Generated by org.testng.reporters.JUnitReportReporter -->
<testsuite ignored="0" hostname="LAPTOP-97997S4T" failures="0" tests="3" name="com.ilab.opensource_assessment.AdminNavigation" time="2.355" errors="0" timestamp="31 Jan 2022 21:15:15 GMT" skipped="0">
  <testcase classname="com.ilab.opensource_assessment.AdminNavigation" name="validation1" time="0.006"/>
  <testcase classname="com.ilab.opensource_assessment.AdminNavigation" name="NavigateToAdmin" time="2.310"/>
  <testcase classname="com.ilab.opensource_assessment.AdminNavigation" name="validation2" time="0.039"/>
</testsuite> <!-- com.ilab.opensource_assessment.AdminNavigation -->
