<?xml version="1.0" encoding="UTF-8"?>
<!-- Generated by org.testng.reporters.JUnitReportReporter -->
<testsuite ignored="0" hostname="LAPTOP-97997S4T" failures="0" tests="1" name="com.ilab.opensource_assessment.DeleteUser" time="1.535" errors="0" timestamp="31 Jan 2022 21:15:15 GMT" skipped="0">
  <testcase classname="com.ilab.opensource_assessment.DeleteUser" name="DeleteSelectedUser" time="1.535"/>
</testsuite> <!-- com.ilab.opensource_assessment.DeleteUser -->
